ISim log file
Running: C:\ise\chao_measure\est_chaomeasure_isim_beh.exe -intstyle ise -gui -tclbatch isim.cmd -wdb C:/ise/chao_measure/est_chaomeasure_isim_beh.wdb 
ISim O.87xf (signature 0x2f00eba5)
This is a Full version of ISim.
Time resolution is 1 ps
# onerror resume
# wave add /
# run 1000 ns
Simulator is doing circuit initialization process.
Finished circuit initialization process.
# run all
Stopped at time : 10738792 ns : File "C:/ise/chao_measure/est_chaomeasure.v" Line 60
# run all
Stopped at time : 77882304 ns : File "C:/ise/chao_measure/est_chaomeasure.v" Line 60
ISim O.87xf (signature 0x2f00eba5)
This is a Full version of ISim.
# run 1000 ns
Simulator is doing circuit initialization process.
Finished circuit initialization process.
# run all
Stopped at time : 90074086 ns : File "C:/ise/chao_measure/est_chaomeasure.v" Line 60
ISim O.87xf (signature 0x2f00eba5)
This is a Full version of ISim.
# run 1000 ns
Simulator is doing circuit initialization process.
Finished circuit initialization process.
# run all
Stopped at time : 91085894 ns : File "C:/ise/chao_measure/DevideFrequency.v" Line 32
# run all
Stopped at time : 144967340 ns : File "C:/ise/chao_measure/est_chaomeasure.v" Line 60
ISim O.87xf (signature 0x2f00eba5)
This is a Full version of ISim.
# run 1000 ns
Simulator is doing circuit initialization process.
Finished circuit initialization process.
# run all
Stopped at time : 88996646 ns : File "C:/ise/chao_measure/DevideFrequency.v" Line 32
# run all
Stopped at time : 146089846 ns : File "C:/ise/chao_measure/DevideFrequency.v" Line 32
