--------------------------------------------------------------------------------
Release 13.4 Trace  (nt)
Copyright (c) 1995-2011 Xilinx, Inc.  All rights reserved.

C:\Xilinx\13.4\ISE_DS\ISE\bin\nt\unwrapped\trce.exe -intstyle ise -v 3 -s 4 -n
3 -fastpaths -xml decode38.twx decode38.ncd -o decode38.twr decode38.pcf -ucf
decode38.ucf

Design file:              decode38.ncd
Physical constraint file: decode38.pcf
Device,package,speed:     xc3s100e,cp132,-4 (PRODUCTION 1.27 2012-02-13)
Report level:             verbose report

Environment Variable      Effect 
--------------------      ------ 
NONE                      No environment variables were set
--------------------------------------------------------------------------------

INFO:Timing:2698 - No timing constraints found, doing default enumeration.
INFO:Timing:3412 - To improve timing, see the Timing Closure User Guide (UG612).
INFO:Timing:2752 - To get complete path coverage, use the unconstrained paths 
   option. All paths that are not constrained will be reported in the 
   unconstrained paths section(s) of the report.
INFO:Timing:3339 - The clock-to-out numbers in this timing report are based on 
   a 50 Ohm transmission line loading model.  For the details of this model, 
   and for more information on accounting for different loading conditions, 
   please see the device datasheet.
INFO:Timing:3390 - This architecture does not support a default System Jitter 
   value, please add SYSTEM_JITTER constraint to the UCF to modify the Clock 
   Uncertainty calculation.
INFO:Timing:3389 - This architecture does not support 'Discrete Jitter' and 
   'Phase Error' calculations, these terms will be zero in the Clock 
   Uncertainty calculation.  Please make appropriate modification to 
   SYSTEM_JITTER to account for the unsupported Discrete Jitter and Phase 
   Error.



Data Sheet report:
-----------------
All values displayed in nanoseconds (ns)

Pad to Pad
---------------+---------------+---------+
Source Pad     |Destination Pad|  Delay  |
---------------+---------------+---------+
a<0>           |y<0>           |    7.492|
a<0>           |y<1>           |    6.090|
a<0>           |y<2>           |    7.468|
a<0>           |y<3>           |    6.678|
a<0>           |y<4>           |    6.765|
a<0>           |y<5>           |    6.918|
a<0>           |y<6>           |    7.961|
a<0>           |y<7>           |    7.662|
a<1>           |y<0>           |    7.521|
a<1>           |y<1>           |    7.590|
a<1>           |y<2>           |    7.492|
a<1>           |y<3>           |    8.147|
a<1>           |y<4>           |    8.234|
a<1>           |y<5>           |    8.418|
a<1>           |y<6>           |    8.249|
a<1>           |y<7>           |    7.912|
a<2>           |y<0>           |    8.272|
a<2>           |y<1>           |    8.787|
a<2>           |y<2>           |    8.283|
a<2>           |y<3>           |    9.382|
a<2>           |y<4>           |    9.469|
a<2>           |y<5>           |    9.615|
a<2>           |y<6>           |    8.405|
a<2>           |y<7>           |    8.133|
---------------+---------------+---------+


Analysis completed Wed Apr 05 21:52:50 2017 
--------------------------------------------------------------------------------

Trace Settings:
-------------------------
Trace Settings 

Peak Memory Usage: 130 MB



