--------------------------------------------------------------------------------
Release 13.4 Trace  (nt)
Copyright (c) 1995-2011 Xilinx, Inc.  All rights reserved.

C:\Xilinx\13.4\ISE_DS\ISE\bin\nt\unwrapped\trce.exe -intstyle ise -v 3 -s 4 -n
3 -fastpaths -xml ADC_Top.twx ADC_Top.ncd -o ADC_Top.twr ADC_Top.pcf -ucf
ADC.ucf

Design file:              ADC_Top.ncd
Physical constraint file: ADC_Top.pcf
Device,package,speed:     xc3s100e,cp132,-4 (PRODUCTION 1.27 2012-02-13)
Report level:             verbose report

Environment Variable      Effect 
--------------------      ------ 
NONE                      No environment variables were set
--------------------------------------------------------------------------------

INFO:Timing:2698 - No timing constraints found, doing default enumeration.
INFO:Timing:3412 - To improve timing, see the Timing Closure User Guide (UG612).
INFO:Timing:2752 - To get complete path coverage, use the unconstrained paths 
   option. All paths that are not constrained will be reported in the 
   unconstrained paths section(s) of the report.
INFO:Timing:3339 - The clock-to-out numbers in this timing report are based on 
   a 50 Ohm transmission line loading model.  For the details of this model, 
   and for more information on accounting for different loading conditions, 
   please see the device datasheet.
INFO:Timing:3390 - This architecture does not support a default System Jitter 
   value, please add SYSTEM_JITTER constraint to the UCF to modify the Clock 
   Uncertainty calculation.
INFO:Timing:3389 - This architecture does not support 'Discrete Jitter' and 
   'Phase Error' calculations, these terms will be zero in the Clock 
   Uncertainty calculation.  Please make appropriate modification to 
   SYSTEM_JITTER to account for the unsupported Discrete Jitter and Phase 
   Error.



Data Sheet report:
-----------------
All values displayed in nanoseconds (ns)

Clock clk to Pad
------------+------------+------------------+--------+
            | clk (edge) |                  | Clock  |
Destination |   to PAD   |Internal Clock(s) | Phase  |
------------+------------+------------------+--------+
a_to_g<0>   |   12.765(R)|clk_BUFGP         |   0.000|
a_to_g<1>   |   12.550(R)|clk_BUFGP         |   0.000|
a_to_g<2>   |   12.353(R)|clk_BUFGP         |   0.000|
a_to_g<3>   |   12.926(R)|clk_BUFGP         |   0.000|
a_to_g<4>   |   12.724(R)|clk_BUFGP         |   0.000|
a_to_g<5>   |   11.953(R)|clk_BUFGP         |   0.000|
a_to_g<6>   |   12.473(R)|clk_BUFGP         |   0.000|
an<0>       |    9.338(R)|clk_BUFGP         |   0.000|
an<1>       |    9.283(R)|clk_BUFGP         |   0.000|
an<2>       |   10.468(R)|clk_BUFGP         |   0.000|
an<3>       |    9.680(R)|clk_BUFGP         |   0.000|
sclk        |    7.146(R)|clk_BUFGP         |   0.000|
sclk1       |    7.251(R)|clk_BUFGP         |   0.000|
------------+------------+------------------+--------+

Clock to Setup on destination clock clk
---------------+---------+---------+---------+---------+
               | Src:Rise| Src:Fall| Src:Rise| Src:Fall|
Source Clock   |Dest:Rise|Dest:Rise|Dest:Fall|Dest:Fall|
---------------+---------+---------+---------+---------+
clk            |    5.197|         |         |         |
---------------+---------+---------+---------+---------+


Analysis completed Thu May 04 09:38:04 2017 
--------------------------------------------------------------------------------

Trace Settings:
-------------------------
Trace Settings 

Peak Memory Usage: 129 MB



