ISim log file
Running: C:\ise\DAC_NEW\test_DAC_isim_beh.exe -intstyle ise -gui -tclbatch isim.cmd -wdb C:/ise/DAC_NEW/test_DAC_isim_beh.wdb 
ISim O.87xf (signature 0x2f00eba5)
This is a Full version of ISim.
Time resolution is 1 ps
# onerror resume
# wave add /
# run 1000 ns
Simulator is doing circuit initialization process.
 Block Memory Generator CORE Generator module loading initial data...
 Block Memory Generator data initialization complete.
Block Memory Generator CORE Generator module test_DAC.uut.U4.inst.\native_mem_module.blk_mem_gen_v6_3_inst  is using a behavioral model for simulation which will not precisely model memory collision behavior.
 Block Memory Generator CORE Generator module loading initial data...
 Block Memory Generator data initialization complete.
Block Memory Generator CORE Generator module test_DAC.uut.U5.inst.\native_mem_module.blk_mem_gen_v6_3_inst  is using a behavioral model for simulation which will not precisely model memory collision behavior.
 Block Memory Generator CORE Generator module loading initial data...
 Block Memory Generator data initialization complete.
Block Memory Generator CORE Generator module test_DAC.uut.U6.inst.\native_mem_module.blk_mem_gen_v6_3_inst  is using a behavioral model for simulation which will not precisely model memory collision behavior.
Finished circuit initialization process.
# run all
Stopped at time : 2441637 ns : File "C:/ise/DAC_NEW/test_DAC.v" Line 61
