INFO:sim:172 - Generating IP...
Resolving generics for 'romsin'...
Applying external generics to 'romsin'...
Delivering associated files for 'romsin'...
WARNING:sim - Can't find 'Verilog' synthesis view; using general synthesis view
Delivering EJava files for 'romsin'...
Generating implementation netlist for 'romsin'...
INFO:sim - Pre-processing HDL files for 'romsin'...
Running synthesis for 'romsin'
Running ngcbuild...
Writing VEO instantiation template for 'romsin'...
Writing Verilog behavioral simulation model for 'romsin'...
Generating ASY schematic symbol...
INFO:sim:949 - Finished generation of ASY schematic symbol.
Generating SYM schematic symbol for 'romsin'...
Generating metadata file...
Generating ISE project...
XCO file found: romsin.xco
XMDF file found: romsin_xmdf.tcl
Adding C:/ise/DAC/ipcore_dir/tmp/_cg/blk_mem_gen_v6_3_readme.txt -view all
-origin_type imported
Adding C:/ise/DAC/ipcore_dir/tmp/_cg/romsin.asy -view all -origin_type imported
Adding C:/ise/DAC/ipcore_dir/tmp/_cg/romsin.ngc -view all -origin_type created
Checking file "C:/ise/DAC/ipcore_dir/tmp/_cg/romsin.ngc" for project device
match ...
File "C:/ise/DAC/ipcore_dir/tmp/_cg/romsin.ngc" device information matches
project device.
Adding C:/ise/DAC/ipcore_dir/tmp/_cg/romsin.sym -view all -origin_type imported
Adding C:/ise/DAC/ipcore_dir/tmp/_cg/romsin.v -view all -origin_type created
INFO:HDLCompiler:1845 - Analyzing Verilog file
   "C:/ise/DAC/ipcore_dir/tmp/_cg/romsin.v" into library work
INFO:ProjectMgmt - Parsing design hierarchy completed successfully.
Adding C:/ise/DAC/ipcore_dir/tmp/_cg/romsin.veo -view all -origin_type imported
INFO:TclTasksC:2116 - The automatic calculation of top has been turned-off.
   Please set the new top explicitly by running the "project set top" command.
   To re-calculate the new top automatically, set the "Auto Implementation Top"
   property to true.
Top level has been set to "/romsin"
Generating README file...
Generating FLIST file...
INFO:sim:948 - Finished FLIST file generation.
Launching README viewer...
Moving files to output directory...
Finished moving files to output directory
Wrote CGP file for project 'romsin'.
