ISim log file
Running: C:\ise\FDIV\text_FDIV_isim_beh.exe -intstyle ise -gui -tclbatch isim.cmd -wdb C:/ise/FDIV/text_FDIV_isim_beh.wdb 
ISim O.87xf (signature 0x2f00eba5)
This is a Full version of ISim.
Time resolution is 1 ps
# onerror resume
# wave add /
# run 1000 ns
Simulator is doing circuit initialization process.
Finished circuit initialization process.
# run all
Stopped at time : 163136690 ns : File "C:/ise/FDIV/FDIV.v" Line 26
# run all
Stopped at time : 1574051990 ns : File "C:/ise/FDIV/FDIV.v" Line 26
ISim O.87xf (signature 0x2f00eba5)
This is a Full version of ISim.
# run 1000 ns
Simulator is doing circuit initialization process.
Finished circuit initialization process.
# run all
Stopped at time : 1231864700 ns : File "C:/ise/FDIV/text_FDIV.v" Line 49
