Release 13.4 - xst O.87xf (nt)
Copyright (c) 1995-2011 Xilinx, Inc.  All rights reserved.
--> Parameter TMPDIR set to xst/projnav.tmp


Total REAL time to Xst completion: 0.00 secs
Total CPU time to Xst completion: 0.09 secs
 
--> Parameter xsthdpdir set to xst


Total REAL time to Xst completion: 0.00 secs
Total CPU time to Xst completion: 0.09 secs
 
--> Reading design: Adder_time.prj

TABLE OF CONTENTS
  1) Synthesis Options Summary
  2) HDL Compilation
  3) Design Hierarchy Analysis
  4) HDL Analysis
  5) HDL Synthesis
     5.1) HDL Synthesis Report
  6) Advanced HDL Synthesis
     6.1) Advanced HDL Synthesis Report
  7) Low Level Synthesis
  8) Partition Report
  9) Final Report
	9.1) Device utilization summary
	9.2) Partition Resource Summary
	9.3) TIMING REPORT


=========================================================================
*                      Synthesis Options Summary                        *
=========================================================================
---- Source Parameters
Input File Name                    : "Adder_time.prj"
Input Format                       : mixed
Ignore Synthesis Constraint File   : NO

---- Target Parameters
Output File Name                   : "Adder_time"
Output Format                      : NGC
Target Device                      : xc3s100e-4-cp132

---- Source Options
Top Module Name                    : Adder_time
Automatic FSM Extraction           : YES
FSM Encoding Algorithm             : Auto
Safe Implementation                : No
FSM Style                          : LUT
RAM Extraction                     : Yes
RAM Style                          : Auto
ROM Extraction                     : Yes
Mux Style                          : Auto
Decoder Extraction                 : YES
Priority Encoder Extraction        : Yes
Shift Register Extraction          : YES
Logical Shifter Extraction         : YES
XOR Collapsing                     : YES
ROM Style                          : Auto
Mux Extraction                     : Yes
Resource Sharing                   : YES
Asynchronous To Synchronous        : NO
Multiplier Style                   : Auto
Automatic Register Balancing       : No

---- Target Options
Add IO Buffers                     : YES
Global Maximum Fanout              : 100000
Add Generic Clock Buffer(BUFG)     : 24
Register Duplication               : YES
Slice Packing                      : YES
Optimize Instantiated Primitives   : NO
Use Clock Enable                   : Yes
Use Synchronous Set                : Yes
Use Synchronous Reset              : Yes
Pack IO Registers into IOBs        : Auto
Equivalent register Removal        : YES

---- General Options
Optimization Goal                  : Speed
Optimization Effort                : 1
Keep Hierarchy                     : No
Netlist Hierarchy                  : As_Optimized
RTL Output                         : Yes
Global Optimization                : AllClockNets
Read Cores                         : YES
Write Timing Constraints           : NO
Cross Clock Analysis               : NO
Hierarchy Separator                : /
Bus Delimiter                      : <>
Case Specifier                     : Maintain
Slice Utilization Ratio            : 100
BRAM Utilization Ratio             : 100
Verilog 2001                       : YES
Auto BRAM Packing                  : NO
Slice Utilization Ratio Delta      : 5

=========================================================================


=========================================================================
*                          HDL Compilation                              *
=========================================================================
Compiling verilog file "Adder_time.v" in library work
Module <Adder_time> compiled
No errors in compilation
Analysis of file <"Adder_time.prj"> succeeded.
 

=========================================================================
*                     Design Hierarchy Analysis                         *
=========================================================================
Analyzing hierarchy for module <Adder_time> in library <work>.


=========================================================================
*                            HDL Analysis                               *
=========================================================================
Analyzing top module <Adder_time>.
Module <Adder_time> is correct for synthesis.
 

=========================================================================
*                           HDL Synthesis                               *
=========================================================================

Performing bidirectional port resolution...

Synthesizing Unit <Adder_time>.
    Related source file is "Adder_time.v".
    Found 4-bit up counter for signal <q>.
    Found 1-bit register for signal <clk_1Hz>.
    Found 26-bit comparator less for signal <clk_1Hz$cmp_lt0000> created at line 32.
    Found 26-bit up counter for signal <jsq>.
    Summary:
	inferred   2 Counter(s).
	inferred   1 D-type flip-flop(s).
	inferred   1 Comparator(s).
Unit <Adder_time> synthesized.


=========================================================================
HDL Synthesis Report

Macro Statistics
# Counters                                             : 2
 26-bit up counter                                     : 1
 4-bit up counter                                      : 1
# Registers                                            : 1
 1-bit register                                        : 1
# Comparators                                          : 1
 26-bit comparator less                                : 1

=========================================================================

=========================================================================
*                       Advanced HDL Synthesis                          *
=========================================================================


=========================================================================
Advanced HDL Synthesis Report

Macro Statistics
# Counters                                             : 2
 26-bit up counter                                     : 1
 4-bit up counter                                      : 1
# Registers                                            : 1
 Flip-Flops                                            : 1
# Comparators                                          : 1
 26-bit comparator less                                : 1

=========================================================================

=========================================================================
*                         Low Level Synthesis                           *
=========================================================================

Optimizing unit <Adder_time> ...

Mapping all equations...
Building and optimizing final netlist ...
Found area constraint ratio of 100 (+ 5) on block Adder_time, actual ratio is 3.

Final Macro Processing ...

=========================================================================
Final Register Report

Macro Statistics
# Registers                                            : 31
 Flip-Flops                                            : 31

=========================================================================

=========================================================================
*                           Partition Report                            *
=========================================================================

Partition Implementation Status
-------------------------------

  No Partitions were found in this design.

-------------------------------

=========================================================================
*                            Final Report                               *
=========================================================================
Final Results
RTL Top Level Output File Name     : Adder_time.ngr
Top Level Output File Name         : Adder_time
Output Format                      : NGC
Optimization Goal                  : Speed
Keep Hierarchy                     : No

Design Statistics
# IOs                              : 11

Cell Usage :
# BELS                             : 124
#      GND                         : 1
#      INV                         : 5
#      LUT1                        : 29
#      LUT2                        : 1
#      LUT3                        : 1
#      LUT3_L                      : 1
#      LUT4                        : 14
#      MUXCY                       : 43
#      MUXF5                       : 2
#      VCC                         : 1
#      XORCY                       : 26
# FlipFlops/Latches                : 31
#      FDR                         : 31
# Clock Buffers                    : 1
#      BUFGP                       : 1
# IO Buffers                       : 10
#      IBUF                        : 6
#      OBUF                        : 4
=========================================================================

Device utilization summary:
---------------------------

Selected Device : 3s100ecp132-4 

 Number of Slices:                       29  out of    960     3%  
 Number of Slice Flip Flops:             31  out of   1920     1%  
 Number of 4 input LUTs:                 51  out of   1920     2%  
 Number of IOs:                          11
 Number of bonded IOBs:                  11  out of     83    13%  
 Number of GCLKs:                         1  out of     24     4%  

---------------------------
Partition Resource Summary:
---------------------------

  No Partitions were found in this design.

---------------------------


=========================================================================
TIMING REPORT

NOTE: THESE TIMING NUMBERS ARE ONLY A SYNTHESIS ESTIMATE.
      FOR ACCURATE TIMING INFORMATION PLEASE REFER TO THE TRACE REPORT
      GENERATED AFTER PLACE-and-ROUTE.

Clock Information:
------------------
-----------------------------------+------------------------+-------+
Clock Signal                       | Clock buffer(FF name)  | Load  |
-----------------------------------+------------------------+-------+
clk                                | BUFGP                  | 27    |
clk_1Hz                            | NONE(q_0)              | 4     |
-----------------------------------+------------------------+-------+
INFO:Xst:2169 - HDL ADVISOR - Some clock signals were not automatically buffered by XST with BUFG/BUFR resources. Please use the buffer_type constraint in order to insert these buffers to the clock signals to help prevent skew problems.

Asynchronous Control Signals Information:
----------------------------------------
No asynchronous control signals found in this design

Timing Summary:
---------------
Speed Grade: -4

   Minimum period: 5.178ns (Maximum Frequency: 193.113MHz)
   Minimum input arrival time before clock: 5.072ns
   Maximum output required time after clock: 4.571ns
   Maximum combinational path delay: No path found

Timing Detail:
--------------
All values displayed in nanoseconds (ns)

=========================================================================
Timing constraint: Default period analysis for Clock 'clk'
  Clock period: 5.178ns (frequency: 193.113MHz)
  Total number of paths / destination ports: 1047 / 53
-------------------------------------------------------------------------
Delay:               5.178ns (Levels of Logic = 8)
  Source:            jsq_5 (FF)
  Destination:       jsq_0 (FF)
  Source Clock:      clk rising
  Destination Clock: clk rising

  Data Path: jsq_5 to jsq_0
                                Gate     Net
    Cell:in->out      fanout   Delay   Delay  Logical Name (Net Name)
    ----------------------------------------  ------------
     FDR:C->Q              2   0.591   0.622  jsq_5 (jsq_5)
     LUT2:I0->O            1   0.704   0.000  jsq_and0000_wg_lut<0> (jsq_and0000_wg_lut<0>)
     MUXCY:S->O            1   0.464   0.000  jsq_and0000_wg_cy<0> (jsq_and0000_wg_cy<0>)
     MUXCY:CI->O           1   0.059   0.000  jsq_and0000_wg_cy<1> (jsq_and0000_wg_cy<1>)
     MUXCY:CI->O           1   0.059   0.000  jsq_and0000_wg_cy<2> (jsq_and0000_wg_cy<2>)
     MUXCY:CI->O           1   0.059   0.000  jsq_and0000_wg_cy<3> (jsq_and0000_wg_cy<3>)
     MUXCY:CI->O           1   0.059   0.000  jsq_and0000_wg_cy<4> (jsq_and0000_wg_cy<4>)
     MUXCY:CI->O           1   0.059   0.000  jsq_and0000_wg_cy<5> (jsq_and0000_wg_cy<5>)
     MUXCY:CI->O          26   0.331   1.260  jsq_and0000_wg_cy<6> (jsq_and0000)
     FDR:R                     0.911          jsq_0
    ----------------------------------------
    Total                      5.178ns (3.296ns logic, 1.882ns route)
                                       (63.7% logic, 36.3% route)

=========================================================================
Timing constraint: Default period analysis for Clock 'clk_1Hz'
  Clock period: 4.344ns (frequency: 230.203MHz)
  Total number of paths / destination ports: 28 / 8
-------------------------------------------------------------------------
Delay:               4.344ns (Levels of Logic = 2)
  Source:            q_0 (FF)
  Destination:       q_0 (FF)
  Source Clock:      clk_1Hz rising
  Destination Clock: clk_1Hz rising

  Data Path: q_0 to q_0
                                Gate     Net
    Cell:in->out      fanout   Delay   Delay  Logical Name (Net Name)
    ----------------------------------------  ------------
     FDR:C->Q              7   0.591   0.743  q_0 (q_0)
     LUT3_L:I2->LO         1   0.704   0.104  q_or0000_SW0 (N7)
     LUT4:I3->O            4   0.704   0.587  q_or0000 (q_or0000)
     FDR:R                     0.911          q_0
    ----------------------------------------
    Total                      4.344ns (2.910ns logic, 1.434ns route)
                                       (67.0% logic, 33.0% route)

=========================================================================
Timing constraint: Default OFFSET IN BEFORE for Clock 'clk_1Hz'
  Total number of paths / destination ports: 18 / 8
-------------------------------------------------------------------------
Offset:              5.072ns (Levels of Logic = 3)
  Source:            load (PAD)
  Destination:       q_0 (FF)
  Destination Clock: clk_1Hz rising

  Data Path: load to q_0
                                Gate     Net
    Cell:in->out      fanout   Delay   Delay  Logical Name (Net Name)
    ----------------------------------------  ------------
     IBUF:I->O             6   1.218   0.844  load_IBUF (load_IBUF)
     LUT3_L:I0->LO         1   0.704   0.104  q_or0000_SW0 (N7)
     LUT4:I3->O            4   0.704   0.587  q_or0000 (q_or0000)
     FDR:R                     0.911          q_0
    ----------------------------------------
    Total                      5.072ns (3.537ns logic, 1.535ns route)
                                       (69.7% logic, 30.3% route)

=========================================================================
Timing constraint: Default OFFSET OUT AFTER for Clock 'clk_1Hz'
  Total number of paths / destination ports: 4 / 4
-------------------------------------------------------------------------
Offset:              4.571ns (Levels of Logic = 1)
  Source:            q_0 (FF)
  Destination:       q<0> (PAD)
  Source Clock:      clk_1Hz rising

  Data Path: q_0 to q<0>
                                Gate     Net
    Cell:in->out      fanout   Delay   Delay  Logical Name (Net Name)
    ----------------------------------------  ------------
     FDR:C->Q              7   0.591   0.708  q_0 (q_0)
     OBUF:I->O                 3.272          q_0_OBUF (q<0>)
    ----------------------------------------
    Total                      4.571ns (3.863ns logic, 0.708ns route)
                                       (84.5% logic, 15.5% route)

=========================================================================


Total REAL time to Xst completion: 3.00 secs
Total CPU time to Xst completion: 3.11 secs
 
--> 

Total memory usage is 247092 kilobytes

Number of errors   :    0 (   0 filtered)
Number of warnings :    0 (   0 filtered)
Number of infos    :    1 (   0 filtered)

