ISim log file
Running: C:\ise\x7seg_2\test_x7seg_2_isim_beh.exe -intstyle ise -gui -tclbatch isim.cmd -wdb C:/ise/x7seg_2/test_x7seg_2_isim_beh.wdb 
ISim O.87xf (signature 0x2f00eba5)
This is a Full version of ISim.
Time resolution is 1 ps
# onerror resume
# wave add /
# run 1000 ns
Simulator is doing circuit initialization process.
Finished circuit initialization process.
# run all
# run all
ISim O.87xf (signature 0x2f00eba5)
This is a Full version of ISim.
# run 1000 ns
Simulator is doing circuit initialization process.
Finished circuit initialization process.
ISim O.87xf (signature 0x2f00eba5)
This is a Full version of ISim.
# run 1000 ns
Simulator is doing circuit initialization process.
Finished circuit initialization process.
# run all
Stopped at time : 77281470 ns : File "C:/ise/x7seg_2/test_x7seg_2.v" Line 57
ISim O.87xf (signature 0x2f00eba5)
This is a Full version of ISim.
# run 1000 ns
Simulator is doing circuit initialization process.
Finished circuit initialization process.
# run all
Stopped at time : 63270410 ns : File "C:/ise/x7seg_2/x7seg_2.v" Line 38
ISim O.87xf (signature 0x2f00eba5)
This is a Full version of ISim.
# run 1000 ns
Simulator is doing circuit initialization process.
Finished circuit initialization process.
# run all
Stopped at time : 57549930 ns : File "C:/ise/x7seg_2/x7seg_2.v" Line 126
ISim O.87xf (signature 0x2f00eba5)
This is a Full version of ISim.
# run 1000 ns
Simulator is doing circuit initialization process.
Finished circuit initialization process.
# run all
Stopped at time : 74657250 ns : File "C:/ise/x7seg_2/test_x7seg_2.v" Line 57
# run all
Stopped at time : 244707920 ns : File "C:/ise/x7seg_2/test_x7seg_2.v" Line 57
ISim O.87xf (signature 0x2f00eba5)
This is a Full version of ISim.
# run 1000 ns
Simulator is doing circuit initialization process.
Finished circuit initialization process.
# run all
Stopped at time : 69918510 ns : File "C:/ise/x7seg_2/x7seg_2.v" Line 38
ISim O.87xf (signature 0x2f00eba5)
This is a Full version of ISim.
# run 1000 ns
Simulator is doing circuit initialization process.
Finished circuit initialization process.
# run all
Stopped at time : 54580200 ns : File "C:/ise/x7seg_2/test_x7seg_2.v" Line 57
