Running: fuse.exe -relaunch -intstyle "ise" -incremental -lib "unisims_ver" -lib "unimacro_ver" -lib "xilinxcorelib_ver" -o "C:/ise/myRegister/test_register_isim_beh.exe" -prj "C:/ise/myRegister/test_register_beh.prj" "work.test_register" "work.glbl" 
ISim O.87xf (signature 0x2f00eba5)
Number of CPUs detected in this system: 4
Turning on mult-threading, number of parallel sub-compilation jobs: 8 
Determining compilation order of HDL files
Analyzing Verilog file "C:/ise/myRegister/GenerateTime.v" into library work
Analyzing Verilog file "C:/ise/myRegister/myRegister.v" into library work
Analyzing Verilog file "C:/ise/myRegister/test_register.v" into library work
Analyzing Verilog file "C:/Xilinx/13.4/ISE_DS/ISE//verilog/src/glbl.v" into library work
Starting static elaboration
Completed static elaboration
Fuse Memory Usage: 159184 KB
Fuse CPU Usage: 171 ms
Compiling module GenerateTime
Compiling module myRegister
Compiling module test_register
Compiling module glbl
Time Resolution for simulation is 1ps.
Waiting for 1 sub-compilation(s) to finish...
Compiled 4 Verilog Units
Built simulation executable C:/ise/myRegister/test_register_isim_beh.exe
Fuse Memory Usage: 163472 KB
Fuse CPU Usage: 203 ms
