ISim log file
Running: C:\ise\myRegister\test_register_isim_beh.exe -intstyle ise -gui -tclbatch isim.cmd -wdb C:/ise/myRegister/test_register_isim_beh.wdb 
ISim O.87xf (signature 0x2f00eba5)
This is a Full version of ISim.
Time resolution is 1 ps
# onerror resume
# wave add /
# run 1000 ns
Simulator is doing circuit initialization process.
Finished circuit initialization process.
# run all
Stopped at time : 123553700 ns : File "C:/ise/myRegister/test_register.v" Line 60
ISim O.87xf (signature 0x2f00eba5)
This is a Full version of ISim.
# run 1000 ns
Simulator is doing circuit initialization process.
Finished circuit initialization process.
# run all
Stopped at time : 422333396 ns : File "C:/ise/myRegister/test_register.v" Line 60
ISim O.87xf (signature 0x2f00eba5)
This is a Full version of ISim.
# run 1000 ns
Simulator is doing circuit initialization process.
Finished circuit initialization process.
# run all
Stopped at time : 23210714 ns : File "C:/ise/myRegister/GenerateTime.v" Line 29
