Release 13.4 - xst O.87xf (nt)
Copyright (c) 1995-2011 Xilinx, Inc.  All rights reserved.
--> Parameter TMPDIR set to xst/projnav.tmp


Total REAL time to Xst completion: 0.00 secs
Total CPU time to Xst completion: 0.09 secs
 
--> Parameter xsthdpdir set to xst


Total REAL time to Xst completion: 0.00 secs
Total CPU time to Xst completion: 0.09 secs
 
--> Reading design: myRegister.prj

TABLE OF CONTENTS
  1) Synthesis Options Summary
  2) HDL Compilation
  3) Design Hierarchy Analysis
  4) HDL Analysis
  5) HDL Synthesis
     5.1) HDL Synthesis Report
  6) Advanced HDL Synthesis
     6.1) Advanced HDL Synthesis Report
  7) Low Level Synthesis
  8) Partition Report
  9) Final Report
	9.1) Device utilization summary
	9.2) Partition Resource Summary
	9.3) TIMING REPORT


=========================================================================
*                      Synthesis Options Summary                        *
=========================================================================
---- Source Parameters
Input File Name                    : "myRegister.prj"
Input Format                       : mixed
Ignore Synthesis Constraint File   : NO

---- Target Parameters
Output File Name                   : "myRegister"
Output Format                      : NGC
Target Device                      : xc3s100e-4-cp132

---- Source Options
Top Module Name                    : myRegister
Automatic FSM Extraction           : YES
FSM Encoding Algorithm             : Auto
Safe Implementation                : No
FSM Style                          : LUT
RAM Extraction                     : Yes
RAM Style                          : Auto
ROM Extraction                     : Yes
Mux Style                          : Auto
Decoder Extraction                 : YES
Priority Encoder Extraction        : Yes
Shift Register Extraction          : YES
Logical Shifter Extraction         : YES
XOR Collapsing                     : YES
ROM Style                          : Auto
Mux Extraction                     : Yes
Resource Sharing                   : YES
Asynchronous To Synchronous        : NO
Multiplier Style                   : Auto
Automatic Register Balancing       : No

---- Target Options
Add IO Buffers                     : YES
Global Maximum Fanout              : 100000
Add Generic Clock Buffer(BUFG)     : 24
Register Duplication               : YES
Slice Packing                      : YES
Optimize Instantiated Primitives   : NO
Use Clock Enable                   : Yes
Use Synchronous Set                : Yes
Use Synchronous Reset              : Yes
Pack IO Registers into IOBs        : Auto
Equivalent register Removal        : YES

---- General Options
Optimization Goal                  : Speed
Optimization Effort                : 1
Keep Hierarchy                     : No
Netlist Hierarchy                  : As_Optimized
RTL Output                         : Yes
Global Optimization                : AllClockNets
Read Cores                         : YES
Write Timing Constraints           : NO
Cross Clock Analysis               : NO
Hierarchy Separator                : /
Bus Delimiter                      : <>
Case Specifier                     : Maintain
Slice Utilization Ratio            : 100
BRAM Utilization Ratio             : 100
Verilog 2001                       : YES
Auto BRAM Packing                  : NO
Slice Utilization Ratio Delta      : 5

=========================================================================


=========================================================================
*                          HDL Compilation                              *
=========================================================================
Compiling verilog file "GenerateTime.v" in library work
Compiling verilog file "myRegister.v" in library work
Module <GenerateTime> compiled
Module <myRegister> compiled
No errors in compilation
Analysis of file <"myRegister.prj"> succeeded.
 

=========================================================================
*                     Design Hierarchy Analysis                         *
=========================================================================
Analyzing hierarchy for module <myRegister> in library <work>.

Analyzing hierarchy for module <GenerateTime> in library <work>.


=========================================================================
*                            HDL Analysis                               *
=========================================================================
Analyzing top module <myRegister>.
Module <myRegister> is correct for synthesis.
 
Analyzing module <GenerateTime> in library <work>.
Module <GenerateTime> is correct for synthesis.
 

=========================================================================
*                           HDL Synthesis                               *
=========================================================================

Performing bidirectional port resolution...

Synthesizing Unit <GenerateTime>.
    Related source file is "GenerateTime.v".
    Found 1-bit register for signal <clk_1>.
    Found 26-bit comparator less for signal <clk_1$cmp_lt0000> created at line 28.
    Found 26-bit up counter for signal <jsq>.
    Summary:
	inferred   1 Counter(s).
	inferred   1 D-type flip-flop(s).
	inferred   1 Comparator(s).
Unit <GenerateTime> synthesized.


Synthesizing Unit <myRegister>.
    Related source file is "myRegister.v".
    Found 4-bit register for signal <q>.
    Summary:
	inferred   4 D-type flip-flop(s).
Unit <myRegister> synthesized.


=========================================================================
HDL Synthesis Report

Macro Statistics
# Counters                                             : 1
 26-bit up counter                                     : 1
# Registers                                            : 2
 1-bit register                                        : 1
 4-bit register                                        : 1
# Comparators                                          : 1
 26-bit comparator less                                : 1

=========================================================================

=========================================================================
*                       Advanced HDL Synthesis                          *
=========================================================================


=========================================================================
Advanced HDL Synthesis Report

Macro Statistics
# Counters                                             : 1
 26-bit up counter                                     : 1
# Registers                                            : 5
 Flip-Flops                                            : 5
# Comparators                                          : 1
 26-bit comparator less                                : 1

=========================================================================

=========================================================================
*                         Low Level Synthesis                           *
=========================================================================

Optimizing unit <myRegister> ...

Mapping all equations...
Building and optimizing final netlist ...
Found area constraint ratio of 100 (+ 5) on block myRegister, actual ratio is 2.

Final Macro Processing ...

=========================================================================
Final Register Report

Macro Statistics
# Registers                                            : 31
 Flip-Flops                                            : 31

=========================================================================

=========================================================================
*                           Partition Report                            *
=========================================================================

Partition Implementation Status
-------------------------------

  No Partitions were found in this design.

-------------------------------

=========================================================================
*                            Final Report                               *
=========================================================================
Final Results
RTL Top Level Output File Name     : myRegister.ngr
Top Level Output File Name         : myRegister
Output Format                      : NGC
Optimization Goal                  : Speed
Keep Hierarchy                     : No

Design Statistics
# IOs                              : 12

Cell Usage :
# BELS                             : 99
#      GND                         : 1
#      INV                         : 4
#      LUT1                        : 29
#      LUT4                        : 3
#      MUXCY                       : 35
#      VCC                         : 1
#      XORCY                       : 26
# FlipFlops/Latches                : 31
#      FD                          : 26
#      FDCE                        : 4
#      FDR                         : 1
# Clock Buffers                    : 1
#      BUFGP                       : 1
# IO Buffers                       : 11
#      IBUF                        : 6
#      OBUF                        : 5
=========================================================================

Device utilization summary:
---------------------------

Selected Device : 3s100ecp132-4 

 Number of Slices:                       20  out of    960     2%  
 Number of Slice Flip Flops:             27  out of   1920     1%  
 Number of 4 input LUTs:                 36  out of   1920     1%  
 Number of IOs:                          12
 Number of bonded IOBs:                  12  out of     83    14%  
    IOB Flip Flops:                       4
 Number of GCLKs:                         1  out of     24     4%  

---------------------------
Partition Resource Summary:
---------------------------

  No Partitions were found in this design.

---------------------------


=========================================================================
TIMING REPORT

NOTE: THESE TIMING NUMBERS ARE ONLY A SYNTHESIS ESTIMATE.
      FOR ACCURATE TIMING INFORMATION PLEASE REFER TO THE TRACE REPORT
      GENERATED AFTER PLACE-and-ROUTE.

Clock Information:
------------------
-----------------------------------+------------------------+-------+
Clock Signal                       | Clock buffer(FF name)  | Load  |
-----------------------------------+------------------------+-------+
U0/clk_1                           | NONE(q_0)              | 4     |
clk                                | BUFGP                  | 27    |
-----------------------------------+------------------------+-------+
INFO:Xst:2169 - HDL ADVISOR - Some clock signals were not automatically buffered by XST with BUFG/BUFR resources. Please use the buffer_type constraint in order to insert these buffers to the clock signals to help prevent skew problems.

Asynchronous Control Signals Information:
----------------------------------------
-----------------------------------+------------------------+-------+
Control Signal                     | Buffer(FF name)        | Load  |
-----------------------------------+------------------------+-------+
clr                                | IBUF                   | 4     |
-----------------------------------+------------------------+-------+

Timing Summary:
---------------
Speed Grade: -4

   Minimum period: 4.823ns (Maximum Frequency: 207.340MHz)
   Minimum input arrival time before clock: 2.360ns
   Maximum output required time after clock: 4.496ns
   Maximum combinational path delay: No path found

Timing Detail:
--------------
All values displayed in nanoseconds (ns)

=========================================================================
Timing constraint: Default period analysis for Clock 'clk'
  Clock period: 4.823ns (frequency: 207.340MHz)
  Total number of paths / destination ports: 370 / 27
-------------------------------------------------------------------------
Delay:               4.823ns (Levels of Logic = 26)
  Source:            U0/jsq_1 (FF)
  Destination:       U0/jsq_25 (FF)
  Source Clock:      clk rising
  Destination Clock: clk rising

  Data Path: U0/jsq_1 to U0/jsq_25
                                Gate     Net
    Cell:in->out      fanout   Delay   Delay  Logical Name (Net Name)
    ----------------------------------------  ------------
     FD:C->Q               1   0.591   0.595  U0/jsq_1 (U0/jsq_1)
     LUT1:I0->O            1   0.704   0.000  U0/Mcount_jsq_cy<1>_rt (U0/Mcount_jsq_cy<1>_rt)
     MUXCY:S->O            1   0.464   0.000  U0/Mcount_jsq_cy<1> (U0/Mcount_jsq_cy<1>)
     MUXCY:CI->O           1   0.059   0.000  U0/Mcount_jsq_cy<2> (U0/Mcount_jsq_cy<2>)
     MUXCY:CI->O           1   0.059   0.000  U0/Mcount_jsq_cy<3> (U0/Mcount_jsq_cy<3>)
     MUXCY:CI->O           1   0.059   0.000  U0/Mcount_jsq_cy<4> (U0/Mcount_jsq_cy<4>)
     MUXCY:CI->O           1   0.059   0.000  U0/Mcount_jsq_cy<5> (U0/Mcount_jsq_cy<5>)
     MUXCY:CI->O           1   0.059   0.000  U0/Mcount_jsq_cy<6> (U0/Mcount_jsq_cy<6>)
     MUXCY:CI->O           1   0.059   0.000  U0/Mcount_jsq_cy<7> (U0/Mcount_jsq_cy<7>)
     MUXCY:CI->O           1   0.059   0.000  U0/Mcount_jsq_cy<8> (U0/Mcount_jsq_cy<8>)
     MUXCY:CI->O           1   0.059   0.000  U0/Mcount_jsq_cy<9> (U0/Mcount_jsq_cy<9>)
     MUXCY:CI->O           1   0.059   0.000  U0/Mcount_jsq_cy<10> (U0/Mcount_jsq_cy<10>)
     MUXCY:CI->O           1   0.059   0.000  U0/Mcount_jsq_cy<11> (U0/Mcount_jsq_cy<11>)
     MUXCY:CI->O           1   0.059   0.000  U0/Mcount_jsq_cy<12> (U0/Mcount_jsq_cy<12>)
     MUXCY:CI->O           1   0.059   0.000  U0/Mcount_jsq_cy<13> (U0/Mcount_jsq_cy<13>)
     MUXCY:CI->O           1   0.059   0.000  U0/Mcount_jsq_cy<14> (U0/Mcount_jsq_cy<14>)
     MUXCY:CI->O           1   0.059   0.000  U0/Mcount_jsq_cy<15> (U0/Mcount_jsq_cy<15>)
     MUXCY:CI->O           1   0.059   0.000  U0/Mcount_jsq_cy<16> (U0/Mcount_jsq_cy<16>)
     MUXCY:CI->O           1   0.059   0.000  U0/Mcount_jsq_cy<17> (U0/Mcount_jsq_cy<17>)
     MUXCY:CI->O           1   0.059   0.000  U0/Mcount_jsq_cy<18> (U0/Mcount_jsq_cy<18>)
     MUXCY:CI->O           1   0.059   0.000  U0/Mcount_jsq_cy<19> (U0/Mcount_jsq_cy<19>)
     MUXCY:CI->O           1   0.059   0.000  U0/Mcount_jsq_cy<20> (U0/Mcount_jsq_cy<20>)
     MUXCY:CI->O           1   0.059   0.000  U0/Mcount_jsq_cy<21> (U0/Mcount_jsq_cy<21>)
     MUXCY:CI->O           1   0.059   0.000  U0/Mcount_jsq_cy<22> (U0/Mcount_jsq_cy<22>)
     MUXCY:CI->O           1   0.059   0.000  U0/Mcount_jsq_cy<23> (U0/Mcount_jsq_cy<23>)
     MUXCY:CI->O           0   0.059   0.000  U0/Mcount_jsq_cy<24> (U0/Mcount_jsq_cy<24>)
     XORCY:CI->O           1   0.804   0.000  U0/Mcount_jsq_xor<25> (Result<25>)
     FD:D                      0.308          U0/jsq_25
    ----------------------------------------
    Total                      4.823ns (4.228ns logic, 0.595ns route)
                                       (87.7% logic, 12.3% route)

=========================================================================
Timing constraint: Default OFFSET IN BEFORE for Clock 'U0/clk_1'
  Total number of paths / destination ports: 8 / 8
-------------------------------------------------------------------------
Offset:              2.360ns (Levels of Logic = 1)
  Source:            load (PAD)
  Destination:       q_0 (FF)
  Destination Clock: U0/clk_1 rising

  Data Path: load to q_0
                                Gate     Net
    Cell:in->out      fanout   Delay   Delay  Logical Name (Net Name)
    ----------------------------------------  ------------
     IBUF:I->O             4   1.218   0.587  load_IBUF (load_IBUF)
     FDCE:CE                   0.555          q_0
    ----------------------------------------
    Total                      2.360ns (1.773ns logic, 0.587ns route)
                                       (75.1% logic, 24.9% route)

=========================================================================
Timing constraint: Default OFFSET OUT AFTER for Clock 'clk'
  Total number of paths / destination ports: 1 / 1
-------------------------------------------------------------------------
Offset:              4.496ns (Levels of Logic = 1)
  Source:            U0/clk_1 (FF)
  Destination:       clk_1Hz (PAD)
  Source Clock:      clk rising

  Data Path: U0/clk_1 to clk_1Hz
                                Gate     Net
    Cell:in->out      fanout   Delay   Delay  Logical Name (Net Name)
    ----------------------------------------  ------------
     FDR:C->Q              5   0.591   0.633  U0/clk_1 (U0/clk_1)
     OBUF:I->O                 3.272          clk_1Hz_OBUF (clk_1Hz)
    ----------------------------------------
    Total                      4.496ns (3.863ns logic, 0.633ns route)
                                       (85.9% logic, 14.1% route)

=========================================================================
Timing constraint: Default OFFSET OUT AFTER for Clock 'U0/clk_1'
  Total number of paths / destination ports: 4 / 4
-------------------------------------------------------------------------
Offset:              4.283ns (Levels of Logic = 1)
  Source:            q_3 (FF)
  Destination:       q<3> (PAD)
  Source Clock:      U0/clk_1 rising

  Data Path: q_3 to q<3>
                                Gate     Net
    Cell:in->out      fanout   Delay   Delay  Logical Name (Net Name)
    ----------------------------------------  ------------
     FDCE:C->Q             1   0.591   0.420  q_3 (q_3)
     OBUF:I->O                 3.272          q_3_OBUF (q<3>)
    ----------------------------------------
    Total                      4.283ns (3.863ns logic, 0.420ns route)
                                       (90.2% logic, 9.8% route)

=========================================================================


Total REAL time to Xst completion: 3.00 secs
Total CPU time to Xst completion: 3.26 secs
 
--> 

Total memory usage is 246964 kilobytes

Number of errors   :    0 (   0 filtered)
Number of warnings :    0 (   0 filtered)
Number of infos    :    1 (   0 filtered)

