Running: C:\Xilinx\13.4\ISE_DS\ISE\bin\nt\unwrapped\fuse.exe -intstyle ise -incremental -lib unisims_ver -lib unimacro_ver -lib xilinxcorelib_ver -o C:/ise/x7seg/test_x7seg_isim_beh.exe -prj C:/ise/x7seg/test_x7seg_beh.prj work.test_x7seg work.glbl 
ISim O.87xf (signature 0x2f00eba5)
Number of CPUs detected in this system: 4
Turning on mult-threading, number of parallel sub-compilation jobs: 8 
Determining compilation order of HDL files
Analyzing Verilog file "C:/ise/x7seg/x7seg.v" into library work
Analyzing Verilog file "C:/ise/x7seg/test_x7seg.v" into library work
Analyzing Verilog file "C:/Xilinx/13.4/ISE_DS/ISE//verilog/src/glbl.v" into library work
Starting static elaboration
Completed static elaboration
Fuse Memory Usage: 159884 KB
Fuse CPU Usage: 155 ms
Compiling module x7seg
Compiling module test_x7seg
Compiling module glbl
Time Resolution for simulation is 1ps.
Compiled 3 Verilog Units
Built simulation executable C:/ise/x7seg/test_x7seg_isim_beh.exe
Fuse Memory Usage: 165356 KB
Fuse CPU Usage: 202 ms
