INFO:sim:172 - Generating IP...
Applying current project options...
Finished applying current project options.
WARNING:sim - A core named 'triangular' already exists in the project. Output
   products for this core may be overwritten.
Resolving generics for 'triangular'...
WARNING:sim - A core named 'triangular' already exists in the project. Output
   products for this core may be overwritten.
Applying external generics to 'triangular'...
Delivering associated files for 'triangular'...
WARNING:sim - Can't find 'Verilog' synthesis view; using general synthesis view
Delivering EJava files for 'triangular'...
Generating implementation netlist for 'triangular'...
INFO:sim - Pre-processing HDL files for 'triangular'...
Running synthesis for 'triangular'
Running ngcbuild...
Writing VEO instantiation template for 'triangular'...
Writing Verilog behavioral simulation model for 'triangular'...
Generating ASY schematic symbol...
INFO:sim:949 - Finished generation of ASY schematic symbol.
Generating SYM schematic symbol for 'triangular'...
Generating metadata file...
Generating ISE project...
XCO file found: triangular.xco
XMDF file found: triangular_xmdf.tcl
Adding C:/ise/DAC_NEW/ipcore_dir/tmp/_cg/blk_mem_gen_v6_3_readme.txt -view all
-origin_type imported
Adding C:/ise/DAC_NEW/ipcore_dir/tmp/_cg/triangular.asy -view all -origin_type
imported
Adding C:/ise/DAC_NEW/ipcore_dir/tmp/_cg/triangular.ngc -view all -origin_type
created
Checking file "C:/ise/DAC_NEW/ipcore_dir/tmp/_cg/triangular.ngc" for project
device match ...
File "C:/ise/DAC_NEW/ipcore_dir/tmp/_cg/triangular.ngc" device information
matches project device.
Adding C:/ise/DAC_NEW/ipcore_dir/tmp/_cg/triangular.sym -view all -origin_type
imported
Adding C:/ise/DAC_NEW/ipcore_dir/tmp/_cg/triangular.v -view all -origin_type
created
INFO:HDLCompiler:1845 - Analyzing Verilog file
   "C:/ise/DAC_NEW/ipcore_dir/tmp/_cg/triangular.v" into library work
INFO:ProjectMgmt - Parsing design hierarchy completed successfully.
Adding C:/ise/DAC_NEW/ipcore_dir/tmp/_cg/triangular.veo -view all -origin_type
imported
INFO:TclTasksC:2116 - The automatic calculation of top has been turned-off.
   Please set the new top explicitly by running the "project set top" command.
   To re-calculate the new top automatically, set the "Auto Implementation Top"
   property to true.
Top level has been set to "/triangular"
Generating README file...
Generating FLIST file...
INFO:sim:948 - Finished FLIST file generation.
Launching README viewer...
Moving files to output directory...
Finished moving files to output directory
Wrote CGP file for project 'triangular'.
