Release 13.4 - xst O.87xf (nt)
Copyright (c) 1995-2011 Xilinx, Inc.  All rights reserved.
--> Parameter TMPDIR set to xst/projnav.tmp


Total REAL time to Xst completion: 0.00 secs
Total CPU time to Xst completion: 0.10 secs
 
--> Parameter xsthdpdir set to xst


Total REAL time to Xst completion: 0.00 secs
Total CPU time to Xst completion: 0.10 secs
 
--> Reading design: top.prj

TABLE OF CONTENTS
  1) Synthesis Options Summary
  2) HDL Compilation
  3) Design Hierarchy Analysis
  4) HDL Analysis
  5) HDL Synthesis
     5.1) HDL Synthesis Report
  6) Advanced HDL Synthesis
     6.1) Advanced HDL Synthesis Report
  7) Low Level Synthesis
  8) Partition Report
  9) Final Report
	9.1) Device utilization summary
	9.2) Partition Resource Summary
	9.3) TIMING REPORT


=========================================================================
*                      Synthesis Options Summary                        *
=========================================================================
---- Source Parameters
Input File Name                    : "top.prj"
Input Format                       : mixed
Ignore Synthesis Constraint File   : NO

---- Target Parameters
Output File Name                   : "top"
Output Format                      : NGC
Target Device                      : xc3s100e-4-cp132

---- Source Options
Top Module Name                    : top
Automatic FSM Extraction           : YES
FSM Encoding Algorithm             : Auto
Safe Implementation                : No
FSM Style                          : LUT
RAM Extraction                     : Yes
RAM Style                          : Auto
ROM Extraction                     : Yes
Mux Style                          : Auto
Decoder Extraction                 : YES
Priority Encoder Extraction        : Yes
Shift Register Extraction          : YES
Logical Shifter Extraction         : YES
XOR Collapsing                     : YES
ROM Style                          : Auto
Mux Extraction                     : Yes
Resource Sharing                   : YES
Asynchronous To Synchronous        : NO
Multiplier Style                   : Auto
Automatic Register Balancing       : No

---- Target Options
Add IO Buffers                     : YES
Global Maximum Fanout              : 500
Add Generic Clock Buffer(BUFG)     : 24
Register Duplication               : YES
Slice Packing                      : YES
Optimize Instantiated Primitives   : NO
Use Clock Enable                   : Yes
Use Synchronous Set                : Yes
Use Synchronous Reset              : Yes
Pack IO Registers into IOBs        : Auto
Equivalent register Removal        : YES

---- General Options
Optimization Goal                  : Speed
Optimization Effort                : 1
Keep Hierarchy                     : No
Netlist Hierarchy                  : As_Optimized
RTL Output                         : Yes
Global Optimization                : AllClockNets
Read Cores                         : YES
Write Timing Constraints           : NO
Cross Clock Analysis               : NO
Hierarchy Separator                : /
Bus Delimiter                      : <>
Case Specifier                     : Maintain
Slice Utilization Ratio            : 100
BRAM Utilization Ratio             : 100
Verilog 2001                       : YES
Auto BRAM Packing                  : NO
Slice Utilization Ratio Delta      : 5

=========================================================================


=========================================================================
*                          HDL Compilation                              *
=========================================================================
Compiling verilog file "x7seg.v" in library work
WARNING:HDLCompilers:299 - "x7seg.v" line 108 Too many digits specified in binary constant
Compiling verilog file "GenerateTime.v" in library work
Module <x7seg> compiled
Compiling verilog file "counter.v" in library work
Module <GenerateTime> compiled
Compiling verilog file "top.v" in library work
Module <counter> compiled
Module <top> compiled
No errors in compilation
Analysis of file <"top.prj"> succeeded.
 

=========================================================================
*                     Design Hierarchy Analysis                         *
=========================================================================
Analyzing hierarchy for module <top> in library <work>.

Analyzing hierarchy for module <GenerateTime> in library <work>.

Analyzing hierarchy for module <counter> in library <work>.

Analyzing hierarchy for module <x7seg> in library <work>.


=========================================================================
*                            HDL Analysis                               *
=========================================================================
Analyzing top module <top>.
Module <top> is correct for synthesis.
 
Analyzing module <GenerateTime> in library <work>.
Module <GenerateTime> is correct for synthesis.
 
Analyzing module <counter> in library <work>.
Module <counter> is correct for synthesis.
 
Analyzing module <x7seg> in library <work>.
Module <x7seg> is correct for synthesis.
 

=========================================================================
*                           HDL Synthesis                               *
=========================================================================

Performing bidirectional port resolution...
INFO:Xst:2679 - Register <hun<3>> in unit <x7seg> has a constant value of 0 during circuit operation. The register is replaced by logic.
INFO:Xst:2679 - Register <hun<2>> in unit <x7seg> has a constant value of 0 during circuit operation. The register is replaced by logic.

Synthesizing Unit <GenerateTime>.
    Related source file is "GenerateTime.v".
    Found 1-bit register for signal <clk_1Hz>.
    Found 26-bit comparator less for signal <clk_1Hz$cmp_lt0000> created at line 28.
    Found 26-bit up counter for signal <jsq>.
    Summary:
	inferred   1 Counter(s).
	inferred   1 D-type flip-flop(s).
	inferred   1 Comparator(s).
Unit <GenerateTime> synthesized.


Synthesizing Unit <counter>.
    Related source file is "counter.v".
    Found 8-bit up counter for signal <q>.
    Summary:
	inferred   1 Counter(s).
Unit <counter> synthesized.


Synthesizing Unit <x7seg>.
    Related source file is "x7seg.v".
    Found 16x7-bit ROM for signal <a_to_g>.
    Found 4-bit adder for signal <$add0000> created at line 51.
    Found 4-bit adder for signal <$add0001> created at line 52.
    Found 20-bit up counter for signal <clkdiv>.
    Found 4-bit up counter for signal <count>.
    Found 4-bit 4-to-1 multiplexer for signal <digit>.
    Found 2-bit register for signal <hun<1:0>>.
    Found 4-bit register for signal <one>.
    Found 18-bit register for signal <shift_reg>.
    Found 4-bit comparator greatequal for signal <shift_reg_17$cmp_ge0000> created at line 47.
    Found 4-bit comparator greatequal for signal <shift_reg_17$cmp_ge0001> created at line 64.
    Found 4-bit comparator lessequal for signal <shift_reg_17$cmp_le0000> created at line 45.
    Found 4-bit register for signal <ten>.
    Summary:
	inferred   1 ROM(s).
	inferred   2 Counter(s).
	inferred  28 D-type flip-flop(s).
	inferred   2 Adder/Subtractor(s).
	inferred   3 Comparator(s).
	inferred   4 Multiplexer(s).
Unit <x7seg> synthesized.


Synthesizing Unit <top>.
    Related source file is "top.v".
Unit <top> synthesized.


=========================================================================
HDL Synthesis Report

Macro Statistics
# ROMs                                                 : 1
 16x7-bit ROM                                          : 1
# Adders/Subtractors                                   : 2
 4-bit adder                                           : 2
# Counters                                             : 4
 20-bit up counter                                     : 1
 26-bit up counter                                     : 1
 4-bit up counter                                      : 1
 8-bit up counter                                      : 1
# Registers                                            : 23
 1-bit register                                        : 21
 4-bit register                                        : 2
# Comparators                                          : 4
 26-bit comparator less                                : 1
 4-bit comparator greatequal                           : 2
 4-bit comparator lessequal                            : 1
# Multiplexers                                         : 1
 4-bit 4-to-1 multiplexer                              : 1

=========================================================================

=========================================================================
*                       Advanced HDL Synthesis                          *
=========================================================================


=========================================================================
Advanced HDL Synthesis Report

Macro Statistics
# ROMs                                                 : 1
 16x7-bit ROM                                          : 1
# Adders/Subtractors                                   : 2
 4-bit adder                                           : 2
# Counters                                             : 4
 20-bit up counter                                     : 1
 26-bit up counter                                     : 1
 4-bit up counter                                      : 1
 8-bit up counter                                      : 1
# Registers                                            : 29
 Flip-Flops                                            : 29
# Comparators                                          : 4
 26-bit comparator less                                : 1
 4-bit comparator greatequal                           : 2
 4-bit comparator lessequal                            : 1
# Multiplexers                                         : 1
 4-bit 4-to-1 multiplexer                              : 1

=========================================================================

=========================================================================
*                         Low Level Synthesis                           *
=========================================================================

Optimizing unit <top> ...

Optimizing unit <x7seg> ...

Mapping all equations...
Building and optimizing final netlist ...
Found area constraint ratio of 100 (+ 5) on block top, actual ratio is 6.

Final Macro Processing ...

=========================================================================
Final Register Report

Macro Statistics
# Registers                                            : 87
 Flip-Flops                                            : 87

=========================================================================

=========================================================================
*                           Partition Report                            *
=========================================================================

Partition Implementation Status
-------------------------------

  No Partitions were found in this design.

-------------------------------

=========================================================================
*                            Final Report                               *
=========================================================================
Final Results
RTL Top Level Output File Name     : top.ngr
Top Level Output File Name         : top
Output Format                      : NGC
Optimization Goal                  : Speed
Keep Hierarchy                     : No

Design Statistics
# IOs                              : 12

Cell Usage :
# BELS                             : 241
#      GND                         : 1
#      INV                         : 8
#      LUT1                        : 55
#      LUT2                        : 6
#      LUT3                        : 12
#      LUT4                        : 31
#      LUT4_D                      : 1
#      LUT4_L                      : 1
#      MUXCY                       : 69
#      MUXF5                       : 2
#      VCC                         : 1
#      XORCY                       : 54
# FlipFlops/Latches                : 87
#      FD                          : 20
#      FDE                         : 18
#      FDR                         : 39
#      FDRE                        : 10
# Clock Buffers                    : 1
#      BUFGP                       : 1
# IO Buffers                       : 11
#      OBUF                        : 11
=========================================================================

Device utilization summary:
---------------------------

Selected Device : 3s100ecp132-4 

 Number of Slices:                       63  out of    960     6%  
 Number of Slice Flip Flops:             87  out of   1920     4%  
 Number of 4 input LUTs:                114  out of   1920     5%  
 Number of IOs:                          12
 Number of bonded IOBs:                  12  out of     83    14%  
 Number of GCLKs:                         1  out of     24     4%  

---------------------------
Partition Resource Summary:
---------------------------

  No Partitions were found in this design.

---------------------------


=========================================================================
TIMING REPORT

NOTE: THESE TIMING NUMBERS ARE ONLY A SYNTHESIS ESTIMATE.
      FOR ACCURATE TIMING INFORMATION PLEASE REFER TO THE TRACE REPORT
      GENERATED AFTER PLACE-and-ROUTE.

Clock Information:
------------------
-----------------------------------+------------------------+-------+
Clock Signal                       | Clock buffer(FF name)  | Load  |
-----------------------------------+------------------------+-------+
clk_50mHz                          | BUFGP                  | 79    |
u1/clk_1Hz                         | NONE(u2/q_0)           | 8     |
-----------------------------------+------------------------+-------+
INFO:Xst:2169 - HDL ADVISOR - Some clock signals were not automatically buffered by XST with BUFG/BUFR resources. Please use the buffer_type constraint in order to insert these buffers to the clock signals to help prevent skew problems.

Asynchronous Control Signals Information:
----------------------------------------
No asynchronous control signals found in this design

Timing Summary:
---------------
Speed Grade: -4

   Minimum period: 5.178ns (Maximum Frequency: 193.113MHz)
   Minimum input arrival time before clock: No path found
   Maximum output required time after clock: 7.890ns
   Maximum combinational path delay: No path found

Timing Detail:
--------------
All values displayed in nanoseconds (ns)

=========================================================================
Timing constraint: Default period analysis for Clock 'clk_50mHz'
  Clock period: 5.178ns (frequency: 193.113MHz)
  Total number of paths / destination ports: 1518 / 147
-------------------------------------------------------------------------
Delay:               5.178ns (Levels of Logic = 8)
  Source:            u1/jsq_5 (FF)
  Destination:       u1/jsq_0 (FF)
  Source Clock:      clk_50mHz rising
  Destination Clock: clk_50mHz rising

  Data Path: u1/jsq_5 to u1/jsq_0
                                Gate     Net
    Cell:in->out      fanout   Delay   Delay  Logical Name (Net Name)
    ----------------------------------------  ------------
     FDR:C->Q              2   0.591   0.622  u1/jsq_5 (u1/jsq_5)
     LUT2:I0->O            1   0.704   0.000  u1/jsq_and0000_wg_lut<0> (u1/jsq_and0000_wg_lut<0>)
     MUXCY:S->O            1   0.464   0.000  u1/jsq_and0000_wg_cy<0> (u1/jsq_and0000_wg_cy<0>)
     MUXCY:CI->O           1   0.059   0.000  u1/jsq_and0000_wg_cy<1> (u1/jsq_and0000_wg_cy<1>)
     MUXCY:CI->O           1   0.059   0.000  u1/jsq_and0000_wg_cy<2> (u1/jsq_and0000_wg_cy<2>)
     MUXCY:CI->O           1   0.059   0.000  u1/jsq_and0000_wg_cy<3> (u1/jsq_and0000_wg_cy<3>)
     MUXCY:CI->O           1   0.059   0.000  u1/jsq_and0000_wg_cy<4> (u1/jsq_and0000_wg_cy<4>)
     MUXCY:CI->O           1   0.059   0.000  u1/jsq_and0000_wg_cy<5> (u1/jsq_and0000_wg_cy<5>)
     MUXCY:CI->O          26   0.331   1.260  u1/jsq_and0000_wg_cy<6> (u1/jsq_and0000)
     FDR:R                     0.911          u1/jsq_0
    ----------------------------------------
    Total                      5.178ns (3.296ns logic, 1.882ns route)
                                       (63.7% logic, 36.3% route)

=========================================================================
Timing constraint: Default period analysis for Clock 'u1/clk_1Hz'
  Clock period: 4.872ns (frequency: 205.255MHz)
  Total number of paths / destination ports: 100 / 16
-------------------------------------------------------------------------
Delay:               4.872ns (Levels of Logic = 2)
  Source:            u2/q_6 (FF)
  Destination:       u2/q_0 (FF)
  Source Clock:      u1/clk_1Hz rising
  Destination Clock: u1/clk_1Hz rising

  Data Path: u2/q_6 to u2/q_0
                                Gate     Net
    Cell:in->out      fanout   Delay   Delay  Logical Name (Net Name)
    ----------------------------------------  ------------
     FDR:C->Q              3   0.591   0.706  u2/q_6 (u2/q_6)
     LUT4:I0->O            1   0.704   0.499  u2/q_cmp_eq000016 (u2/q_cmp_eq000016)
     LUT2:I1->O            8   0.704   0.757  u2/q_cmp_eq000017 (u2/q_cmp_eq0000)
     FDR:R                     0.911          u2/q_0
    ----------------------------------------
    Total                      4.872ns (2.910ns logic, 1.962ns route)
                                       (59.7% logic, 40.3% route)

=========================================================================
Timing constraint: Default OFFSET OUT AFTER for Clock 'clk_50mHz'
  Total number of paths / destination ports: 158 / 9
-------------------------------------------------------------------------
Offset:              7.890ns (Levels of Logic = 4)
  Source:            u3/clkdiv_19 (FF)
  Destination:       a_to_g<6> (PAD)
  Source Clock:      clk_50mHz rising

  Data Path: u3/clkdiv_19 to a_to_g<6>
                                Gate     Net
    Cell:in->out      fanout   Delay   Delay  Logical Name (Net Name)
    ----------------------------------------  ------------
     FD:C->Q               9   0.591   0.995  u3/clkdiv_19 (u3/clkdiv_19)
     LUT3:I0->O            1   0.704   0.000  u3/Mmux_digit6_F (N6)
     MUXF5:I0->O           7   0.321   0.883  u3/Mmux_digit6 (u3/digit<1>)
     LUT4:I0->O            1   0.704   0.420  u3/Mrom_a_to_g61 (a_to_g_6_OBUF)
     OBUF:I->O                 3.272          a_to_g_6_OBUF (a_to_g<6>)
    ----------------------------------------
    Total                      7.890ns (5.592ns logic, 2.298ns route)
                                       (70.9% logic, 29.1% route)

=========================================================================


Total REAL time to Xst completion: 4.00 secs
Total CPU time to Xst completion: 3.95 secs
 
--> 

Total memory usage is 248884 kilobytes

Number of errors   :    0 (   0 filtered)
Number of warnings :    1 (   0 filtered)
Number of infos    :    3 (   0 filtered)

