Release 13.4 - xst O.87xf (nt)
Copyright (c) 1995-2011 Xilinx, Inc.  All rights reserved.
--> Parameter TMPDIR set to xst/projnav.tmp


Total REAL time to Xst completion: 0.00 secs
Total CPU time to Xst completion: 0.10 secs
 
--> Parameter xsthdpdir set to xst


Total REAL time to Xst completion: 0.00 secs
Total CPU time to Xst completion: 0.10 secs
 
--> Reading design: chao_top.prj

TABLE OF CONTENTS
  1) Synthesis Options Summary
  2) HDL Compilation
  3) Design Hierarchy Analysis
  4) HDL Analysis
  5) HDL Synthesis
     5.1) HDL Synthesis Report
  6) Advanced HDL Synthesis
     6.1) Advanced HDL Synthesis Report
  7) Low Level Synthesis
  8) Partition Report
  9) Final Report
	9.1) Device utilization summary
	9.2) Partition Resource Summary
	9.3) TIMING REPORT


=========================================================================
*                      Synthesis Options Summary                        *
=========================================================================
---- Source Parameters
Input File Name                    : "chao_top.prj"
Input Format                       : mixed
Ignore Synthesis Constraint File   : NO

---- Target Parameters
Output File Name                   : "chao_top"
Output Format                      : NGC
Target Device                      : xc3s100e-4-cp132

---- Source Options
Top Module Name                    : chao_top
Automatic FSM Extraction           : YES
FSM Encoding Algorithm             : Auto
Safe Implementation                : No
FSM Style                          : LUT
RAM Extraction                     : Yes
RAM Style                          : Auto
ROM Extraction                     : Yes
Mux Style                          : Auto
Decoder Extraction                 : YES
Priority Encoder Extraction        : Yes
Shift Register Extraction          : YES
Logical Shifter Extraction         : YES
XOR Collapsing                     : YES
ROM Style                          : Auto
Mux Extraction                     : Yes
Resource Sharing                   : YES
Asynchronous To Synchronous        : NO
Multiplier Style                   : Auto
Automatic Register Balancing       : No

---- Target Options
Add IO Buffers                     : YES
Global Maximum Fanout              : 500
Add Generic Clock Buffer(BUFG)     : 24
Register Duplication               : YES
Slice Packing                      : YES
Optimize Instantiated Primitives   : NO
Use Clock Enable                   : Yes
Use Synchronous Set                : Yes
Use Synchronous Reset              : Yes
Pack IO Registers into IOBs        : Auto
Equivalent register Removal        : YES

---- General Options
Optimization Goal                  : Speed
Optimization Effort                : 1
Keep Hierarchy                     : No
Netlist Hierarchy                  : As_Optimized
RTL Output                         : Yes
Global Optimization                : AllClockNets
Read Cores                         : YES
Write Timing Constraints           : NO
Cross Clock Analysis               : NO
Hierarchy Separator                : /
Bus Delimiter                      : <>
Case Specifier                     : Maintain
Slice Utilization Ratio            : 100
BRAM Utilization Ratio             : 100
Verilog 2001                       : YES
Auto BRAM Packing                  : NO
Slice Utilization Ratio Delta      : 5

=========================================================================


=========================================================================
*                          HDL Compilation                              *
=========================================================================
Compiling verilog file "x7seg.v" in library work
WARNING:HDLCompilers:299 - "x7seg.v" line 118 Too many digits specified in binary constant
Compiling verilog file "generateTime.v" in library work
Module <x7seg> compiled
Compiling verilog file "chao_count.v" in library work
Module <GenerateTime> compiled
Compiling verilog file "chaoImpulse.v" in library work
Module <chao_count> compiled
Compiling verilog file "chao_top.v" in library work
Module <chaoImpulse> compiled
Module <chao_top> compiled
No errors in compilation
Analysis of file <"chao_top.prj"> succeeded.
 

=========================================================================
*                     Design Hierarchy Analysis                         *
=========================================================================
Analyzing hierarchy for module <chao_top> in library <work>.

Analyzing hierarchy for module <GenerateTime> in library <work>.

Analyzing hierarchy for module <chaoImpulse> in library <work>.

Analyzing hierarchy for module <chao_count> in library <work>.

Analyzing hierarchy for module <x7seg> in library <work>.


=========================================================================
*                            HDL Analysis                               *
=========================================================================
Analyzing top module <chao_top>.
Module <chao_top> is correct for synthesis.
 
Analyzing module <GenerateTime> in library <work>.
Module <GenerateTime> is correct for synthesis.
 
Analyzing module <chaoImpulse> in library <work>.
Module <chaoImpulse> is correct for synthesis.
 
Analyzing module <chao_count> in library <work>.
Module <chao_count> is correct for synthesis.
 
Analyzing module <x7seg> in library <work>.
Module <x7seg> is correct for synthesis.
 

=========================================================================
*                           HDL Synthesis                               *
=========================================================================

Performing bidirectional port resolution...
INFO:Xst:2679 - Register <hun<3>> in unit <x7seg> has a constant value of 0 during circuit operation. The register is replaced by logic.
INFO:Xst:2679 - Register <hun<2>> in unit <x7seg> has a constant value of 0 during circuit operation. The register is replaced by logic.

Synthesizing Unit <GenerateTime>.
    Related source file is "generateTime.v".
    Found 1-bit register for signal <clk_1Hz>.
    Found 25-bit comparator less for signal <clk_1Hz$cmp_lt0000> created at line 36.
    Found 25-bit up counter for signal <jsq>.
    Summary:
	inferred   1 Counter(s).
	inferred   1 D-type flip-flop(s).
	inferred   1 Comparator(s).
Unit <GenerateTime> synthesized.


Synthesizing Unit <chaoImpulse>.
    Related source file is "chaoImpulse.v".
    Found 15-bit up counter for signal <count>.
    Summary:
	inferred   1 Counter(s).
Unit <chaoImpulse> synthesized.


Synthesizing Unit <chao_count>.
    Related source file is "chao_count.v".
WARNING:Xst:647 - Input <trig> is never used. This port will be preserved and left unconnected if it belongs to a top-level block or it belongs to a sub-block and the hierarchy of this sub-block is preserved.
    Found 8-bit register for signal <echo_t>.
    Found 1-bit register for signal <chao_clk>.
    Found 13-bit comparator greater for signal <chao_clk$cmp_gt0000> created at line 35.
    Found 13-bit comparator greater for signal <chao_clk$cmp_gt0001> created at line 33.
    Found 13-bit up counter for signal <count>.
    Found 13-bit comparator greater for signal <count$cmp_gt0000> created at line 35.
    Found 14-bit up counter for signal <count_1>.
    Found 13-bit adder for signal <old_count_1$add0000> created at line 32.
    Summary:
	inferred   2 Counter(s).
	inferred   9 D-type flip-flop(s).
	inferred   2 Adder/Subtractor(s).
	inferred   3 Comparator(s).
Unit <chao_count> synthesized.


Synthesizing Unit <x7seg>.
    Related source file is "x7seg.v".
    Found 16x7-bit ROM for signal <a_to_g>.
    Found 4-bit adder for signal <$add0000> created at line 55.
    Found 4-bit adder for signal <$add0001> created at line 56.
    Found 20-bit up counter for signal <clkdiv>.
    Found 4-bit up counter for signal <count>.
    Found 4-bit 4-to-1 multiplexer for signal <digit>.
    Found 2-bit register for signal <hun<1:0>>.
    Found 4-bit register for signal <one>.
    Found 18-bit register for signal <shift_reg>.
    Found 4-bit comparator greatequal for signal <shift_reg_17$cmp_ge0000> created at line 51.
    Found 4-bit comparator greatequal for signal <shift_reg_17$cmp_ge0001> created at line 68.
    Found 4-bit comparator lessequal for signal <shift_reg_17$cmp_le0000> created at line 49.
    Found 4-bit register for signal <ten>.
    Summary:
	inferred   1 ROM(s).
	inferred   2 Counter(s).
	inferred  28 D-type flip-flop(s).
	inferred   2 Adder/Subtractor(s).
	inferred   3 Comparator(s).
	inferred   4 Multiplexer(s).
Unit <x7seg> synthesized.


Synthesizing Unit <chao_top>.
    Related source file is "chao_top.v".
Unit <chao_top> synthesized.


=========================================================================
HDL Synthesis Report

Macro Statistics
# ROMs                                                 : 1
 16x7-bit ROM                                          : 1
# Adders/Subtractors                                   : 4
 13-bit adder                                          : 1
 14-bit adder                                          : 1
 4-bit adder                                           : 2
# Counters                                             : 6
 13-bit up counter                                     : 1
 14-bit up counter                                     : 1
 15-bit up counter                                     : 1
 20-bit up counter                                     : 1
 25-bit up counter                                     : 1
 4-bit up counter                                      : 1
# Registers                                            : 25
 1-bit register                                        : 22
 4-bit register                                        : 2
 8-bit register                                        : 1
# Comparators                                          : 7
 13-bit comparator greater                             : 3
 25-bit comparator less                                : 1
 4-bit comparator greatequal                           : 2
 4-bit comparator lessequal                            : 1
# Multiplexers                                         : 1
 4-bit 4-to-1 multiplexer                              : 1

=========================================================================

=========================================================================
*                       Advanced HDL Synthesis                          *
=========================================================================

WARNING:Xst:1290 - Hierarchical block <U> is unconnected in block <chao_top>.
   It will be removed from the design.

=========================================================================
Advanced HDL Synthesis Report

Macro Statistics
# ROMs                                                 : 1
 16x7-bit ROM                                          : 1
# Adders/Subtractors                                   : 4
 13-bit adder                                          : 1
 4-bit adder                                           : 2
 8-bit adder                                           : 1
# Counters                                             : 6
 13-bit up counter                                     : 1
 14-bit up counter                                     : 1
 15-bit up counter                                     : 1
 20-bit up counter                                     : 1
 25-bit up counter                                     : 1
 4-bit up counter                                      : 1
# Registers                                            : 38
 Flip-Flops                                            : 38
# Comparators                                          : 7
 13-bit comparator greater                             : 3
 25-bit comparator less                                : 1
 4-bit comparator greatequal                           : 2
 4-bit comparator lessequal                            : 1
# Multiplexers                                         : 1
 4-bit 4-to-1 multiplexer                              : 1

=========================================================================

=========================================================================
*                         Low Level Synthesis                           *
=========================================================================
WARNING:Xst:2677 - Node <count_1_8> of sequential type is unconnected in block <chao_count>.
WARNING:Xst:2677 - Node <count_1_9> of sequential type is unconnected in block <chao_count>.
WARNING:Xst:2677 - Node <count_1_10> of sequential type is unconnected in block <chao_count>.
WARNING:Xst:2677 - Node <count_1_11> of sequential type is unconnected in block <chao_count>.
WARNING:Xst:2677 - Node <count_1_12> of sequential type is unconnected in block <chao_count>.
WARNING:Xst:2677 - Node <count_1_13> of sequential type is unconnected in block <chao_count>.

Optimizing unit <chao_top> ...

Optimizing unit <chao_count> ...

Optimizing unit <x7seg> ...
WARNING:Xst:2677 - Node <U/clk_1Hz> of sequential type is unconnected in block <chao_top>.
WARNING:Xst:2677 - Node <U/jsq_0> of sequential type is unconnected in block <chao_top>.
WARNING:Xst:2677 - Node <U/jsq_1> of sequential type is unconnected in block <chao_top>.
WARNING:Xst:2677 - Node <U/jsq_2> of sequential type is unconnected in block <chao_top>.
WARNING:Xst:2677 - Node <U/jsq_3> of sequential type is unconnected in block <chao_top>.
WARNING:Xst:2677 - Node <U/jsq_4> of sequential type is unconnected in block <chao_top>.
WARNING:Xst:2677 - Node <U/jsq_5> of sequential type is unconnected in block <chao_top>.
WARNING:Xst:2677 - Node <U/jsq_6> of sequential type is unconnected in block <chao_top>.
WARNING:Xst:2677 - Node <U/jsq_7> of sequential type is unconnected in block <chao_top>.
WARNING:Xst:2677 - Node <U/jsq_8> of sequential type is unconnected in block <chao_top>.
WARNING:Xst:2677 - Node <U/jsq_9> of sequential type is unconnected in block <chao_top>.
WARNING:Xst:2677 - Node <U/jsq_10> of sequential type is unconnected in block <chao_top>.
WARNING:Xst:2677 - Node <U/jsq_11> of sequential type is unconnected in block <chao_top>.
WARNING:Xst:2677 - Node <U/jsq_12> of sequential type is unconnected in block <chao_top>.
WARNING:Xst:2677 - Node <U/jsq_13> of sequential type is unconnected in block <chao_top>.
WARNING:Xst:2677 - Node <U/jsq_14> of sequential type is unconnected in block <chao_top>.
WARNING:Xst:2677 - Node <U/jsq_15> of sequential type is unconnected in block <chao_top>.
WARNING:Xst:2677 - Node <U/jsq_16> of sequential type is unconnected in block <chao_top>.
WARNING:Xst:2677 - Node <U/jsq_17> of sequential type is unconnected in block <chao_top>.
WARNING:Xst:2677 - Node <U/jsq_18> of sequential type is unconnected in block <chao_top>.
WARNING:Xst:2677 - Node <U/jsq_19> of sequential type is unconnected in block <chao_top>.
WARNING:Xst:2677 - Node <U/jsq_20> of sequential type is unconnected in block <chao_top>.
WARNING:Xst:2677 - Node <U/jsq_21> of sequential type is unconnected in block <chao_top>.
WARNING:Xst:2677 - Node <U/jsq_22> of sequential type is unconnected in block <chao_top>.
WARNING:Xst:2677 - Node <U/jsq_23> of sequential type is unconnected in block <chao_top>.
WARNING:Xst:2677 - Node <U/jsq_24> of sequential type is unconnected in block <chao_top>.

Mapping all equations...
Building and optimizing final netlist ...
Found area constraint ratio of 100 (+ 5) on block chao_top, actual ratio is 8.

Final Macro Processing ...

=========================================================================
Final Register Report

Macro Statistics
# Registers                                            : 97
 Flip-Flops                                            : 97

=========================================================================

=========================================================================
*                           Partition Report                            *
=========================================================================

Partition Implementation Status
-------------------------------

  No Partitions were found in this design.

-------------------------------

=========================================================================
*                            Final Report                               *
=========================================================================
Final Results
RTL Top Level Output File Name     : chao_top.ngr
Top Level Output File Name         : chao_top
Output Format                      : NGC
Optimization Goal                  : Speed
Keep Hierarchy                     : No

Design Statistics
# IOs                              : 23

Cell Usage :
# BELS                             : 283
#      GND                         : 1
#      INV                         : 12
#      LUT1                        : 65
#      LUT2                        : 12
#      LUT3                        : 16
#      LUT3_L                      : 1
#      LUT4                        : 29
#      MUXCY                       : 71
#      MUXF5                       : 7
#      VCC                         : 1
#      XORCY                       : 68
# FlipFlops/Latches                : 97
#      FD                          : 15
#      FDC                         : 24
#      FDCE                        : 28
#      FDE                         : 8
#      FDR                         : 21
#      FDRE                        : 1
# Clock Buffers                    : 1
#      BUFGP                       : 1
# IO Buffers                       : 22
#      IBUF                        : 2
#      OBUF                        : 20
=========================================================================

Device utilization summary:
---------------------------

Selected Device : 3s100ecp132-4 

 Number of Slices:                       79  out of    960     8%  
 Number of Slice Flip Flops:             97  out of   1920     5%  
 Number of 4 input LUTs:                135  out of   1920     7%  
 Number of IOs:                          23
 Number of bonded IOBs:                  23  out of     83    27%  
 Number of GCLKs:                         1  out of     24     4%  

---------------------------
Partition Resource Summary:
---------------------------

  No Partitions were found in this design.

---------------------------


=========================================================================
TIMING REPORT

NOTE: THESE TIMING NUMBERS ARE ONLY A SYNTHESIS ESTIMATE.
      FOR ACCURATE TIMING INFORMATION PLEASE REFER TO THE TRACE REPORT
      GENERATED AFTER PLACE-and-ROUTE.

Clock Information:
------------------
-----------------------------------+------------------------+-------+
Clock Signal                       | Clock buffer(FF name)  | Load  |
-----------------------------------+------------------------+-------+
clk                                | BUFGP                  | 81    |
U1/chao_clk                        | NONE(U1/count_1_7)     | 16    |
-----------------------------------+------------------------+-------+
INFO:Xst:2169 - HDL ADVISOR - Some clock signals were not automatically buffered by XST with BUFG/BUFR resources. Please use the buffer_type constraint in order to insert these buffers to the clock signals to help prevent skew problems.

Asynchronous Control Signals Information:
----------------------------------------
-----------------------------------+------------------------+-------+
Control Signal                     | Buffer(FF name)        | Load  |
-----------------------------------+------------------------+-------+
clr                                | IBUF                   | 52    |
-----------------------------------+------------------------+-------+

Timing Summary:
---------------
Speed Grade: -4

   Minimum period: 8.941ns (Maximum Frequency: 111.844MHz)
   Minimum input arrival time before clock: 4.410ns
   Maximum output required time after clock: 7.952ns
   Maximum combinational path delay: No path found

Timing Detail:
--------------
All values displayed in nanoseconds (ns)

=========================================================================
Timing constraint: Default period analysis for Clock 'clk'
  Clock period: 8.941ns (frequency: 111.844MHz)
  Total number of paths / destination ports: 2017 / 123
-------------------------------------------------------------------------
Delay:               8.941ns (Levels of Logic = 15)
  Source:            U1/count_1 (FF)
  Destination:       U1/count_12 (FF)
  Source Clock:      clk rising
  Destination Clock: clk rising

  Data Path: U1/count_1 to U1/count_12
                                Gate     Net
    Cell:in->out      fanout   Delay   Delay  Logical Name (Net Name)
    ----------------------------------------  ------------
     FDR:C->Q              2   0.591   0.622  U1/count_1 (U1/count_1)
     LUT1:I0->O            1   0.704   0.000  U1/Madd_old_count_1_add0000_cy<1>_rt (U1/Madd_old_count_1_add0000_cy<1>_rt)
     MUXCY:S->O            1   0.464   0.000  U1/Madd_old_count_1_add0000_cy<1> (U1/Madd_old_count_1_add0000_cy<1>)
     MUXCY:CI->O           1   0.059   0.000  U1/Madd_old_count_1_add0000_cy<2> (U1/Madd_old_count_1_add0000_cy<2>)
     MUXCY:CI->O           1   0.059   0.000  U1/Madd_old_count_1_add0000_cy<3> (U1/Madd_old_count_1_add0000_cy<3>)
     MUXCY:CI->O           1   0.059   0.000  U1/Madd_old_count_1_add0000_cy<4> (U1/Madd_old_count_1_add0000_cy<4>)
     MUXCY:CI->O           1   0.059   0.000  U1/Madd_old_count_1_add0000_cy<5> (U1/Madd_old_count_1_add0000_cy<5>)
     MUXCY:CI->O           1   0.059   0.000  U1/Madd_old_count_1_add0000_cy<6> (U1/Madd_old_count_1_add0000_cy<6>)
     MUXCY:CI->O           1   0.059   0.000  U1/Madd_old_count_1_add0000_cy<7> (U1/Madd_old_count_1_add0000_cy<7>)
     MUXCY:CI->O           1   0.059   0.000  U1/Madd_old_count_1_add0000_cy<8> (U1/Madd_old_count_1_add0000_cy<8>)
     MUXCY:CI->O           1   0.059   0.000  U1/Madd_old_count_1_add0000_cy<9> (U1/Madd_old_count_1_add0000_cy<9>)
     MUXCY:CI->O           1   0.059   0.000  U1/Madd_old_count_1_add0000_cy<10> (U1/Madd_old_count_1_add0000_cy<10>)
     XORCY:CI->O           2   0.804   0.622  U1/Madd_old_count_1_add0000_xor<11> (U1/old_count_1_add0000<11>)
     LUT2:I0->O            1   0.704   0.000  U1/Mcompar_chao_clk_cmp_gt0001_lut<6> (U1/Mcompar_chao_clk_cmp_gt0001_lut<6>)
     MUXCY:S->O            1   0.864   0.420  U1/Mcompar_chao_clk_cmp_gt0001_cy<6> (U1/Mcompar_chao_clk_cmp_gt0001_cy<6>)
     INV:I->O             14   0.704   1.000  U1/Mcompar_chao_clk_cmp_gt0001_cy<6>_inv_INV_0 (U1/count_cmp_gt0000)
     FDRE:R                    0.911          U1/chao_clk
    ----------------------------------------
    Total                      8.941ns (6.277ns logic, 2.664ns route)
                                       (70.2% logic, 29.8% route)

=========================================================================
Timing constraint: Default period analysis for Clock 'U1/chao_clk'
  Clock period: 3.974ns (frequency: 251.636MHz)
  Total number of paths / destination ports: 73 / 16
-------------------------------------------------------------------------
Delay:               3.974ns (Levels of Logic = 8)
  Source:            U1/count_1_1 (FF)
  Destination:       U1/count_1_7 (FF)
  Source Clock:      U1/chao_clk rising
  Destination Clock: U1/chao_clk rising

  Data Path: U1/count_1_1 to U1/count_1_7
                                Gate     Net
    Cell:in->out      fanout   Delay   Delay  Logical Name (Net Name)
    ----------------------------------------  ------------
     FDR:C->Q              5   0.591   0.808  U1/count_1_1 (U1/count_1_1)
     LUT1:I0->O            1   0.704   0.000  U1/Mcount_count_1_cy<1>_rt (U1/Mcount_count_1_cy<1>_rt)
     MUXCY:S->O            1   0.464   0.000  U1/Mcount_count_1_cy<1> (U1/Mcount_count_1_cy<1>)
     MUXCY:CI->O           1   0.059   0.000  U1/Mcount_count_1_cy<2> (U1/Mcount_count_1_cy<2>)
     MUXCY:CI->O           1   0.059   0.000  U1/Mcount_count_1_cy<3> (U1/Mcount_count_1_cy<3>)
     MUXCY:CI->O           1   0.059   0.000  U1/Mcount_count_1_cy<4> (U1/Mcount_count_1_cy<4>)
     MUXCY:CI->O           1   0.059   0.000  U1/Mcount_count_1_cy<5> (U1/Mcount_count_1_cy<5>)
     MUXCY:CI->O           0   0.059   0.000  U1/Mcount_count_1_cy<6> (U1/Mcount_count_1_cy<6>)
     XORCY:CI->O           1   0.804   0.000  U1/Mcount_count_1_xor<7> (U1/Result<7>)
     FDR:D                     0.308          U1/count_1_7
    ----------------------------------------
    Total                      3.974ns (3.166ns logic, 0.808ns route)
                                       (79.7% logic, 20.3% route)

=========================================================================
Timing constraint: Default OFFSET IN BEFORE for Clock 'U1/chao_clk'
  Total number of paths / destination ports: 16 / 16
-------------------------------------------------------------------------
Offset:              4.410ns (Levels of Logic = 2)
  Source:            echo (PAD)
  Destination:       U1/count_1_7 (FF)
  Destination Clock: U1/chao_clk rising

  Data Path: echo to U1/count_1_7
                                Gate     Net
    Cell:in->out      fanout   Delay   Delay  Logical Name (Net Name)
    ----------------------------------------  ------------
     IBUF:I->O             9   1.218   0.820  echo_IBUF (echo_IBUF)
     INV:I->O              8   0.704   0.757  U1/echo_inv1_INV_0 (U1/echo_inv)
     FDR:R                     0.911          U1/count_1_0
    ----------------------------------------
    Total                      4.410ns (2.833ns logic, 1.577ns route)
                                       (64.2% logic, 35.8% route)

=========================================================================
Timing constraint: Default OFFSET OUT AFTER for Clock 'clk'
  Total number of paths / destination ports: 161 / 11
-------------------------------------------------------------------------
Offset:              7.952ns (Levels of Logic = 4)
  Source:            U2/clkdiv_19 (FF)
  Destination:       a_to_g<6> (PAD)
  Source Clock:      clk rising

  Data Path: U2/clkdiv_19 to a_to_g<6>
                                Gate     Net
    Cell:in->out      fanout   Delay   Delay  Logical Name (Net Name)
    ----------------------------------------  ------------
     FDC:C->Q             10   0.591   1.057  U2/clkdiv_19 (U2/clkdiv_19)
     LUT3:I0->O            1   0.704   0.000  U2/Mmux_digit6_F (N18)
     MUXF5:I0->O           7   0.321   0.883  U2/Mmux_digit6 (U2/digit<1>)
     LUT4:I0->O            1   0.704   0.420  U2/Mrom_a_to_g61 (a_to_g_6_OBUF)
     OBUF:I->O                 3.272          a_to_g_6_OBUF (a_to_g<6>)
    ----------------------------------------
    Total                      7.952ns (5.592ns logic, 2.360ns route)
                                       (70.3% logic, 29.7% route)

=========================================================================
Timing constraint: Default OFFSET OUT AFTER for Clock 'U1/chao_clk'
  Total number of paths / destination ports: 8 / 8
-------------------------------------------------------------------------
Offset:              4.310ns (Levels of Logic = 1)
  Source:            U1/echo_t_7 (FF)
  Destination:       echo_t<7> (PAD)
  Source Clock:      U1/chao_clk rising

  Data Path: U1/echo_t_7 to echo_t<7>
                                Gate     Net
    Cell:in->out      fanout   Delay   Delay  Logical Name (Net Name)
    ----------------------------------------  ------------
     FDE:C->Q              2   0.591   0.447  U1/echo_t_7 (U1/echo_t_7)
     OBUF:I->O                 3.272          echo_t_7_OBUF (echo_t<7>)
    ----------------------------------------
    Total                      4.310ns (3.863ns logic, 0.447ns route)
                                       (89.6% logic, 10.4% route)

=========================================================================


Total REAL time to Xst completion: 5.00 secs
Total CPU time to Xst completion: 4.36 secs
 
--> 

Total memory usage is 249524 kilobytes

Number of errors   :    0 (   0 filtered)
Number of warnings :   35 (   0 filtered)
Number of infos    :    3 (   0 filtered)

