Running: fuse.exe -relaunch -intstyle "ise" -incremental -lib "unisims_ver" -lib "unimacro_ver" -lib "xilinxcorelib_ver" -o "C:/ise/chaoshengbo/test_chao_isim_beh.exe" -prj "C:/ise/chaoshengbo/test_chao_beh.prj" "work.test_chao" "work.glbl" 
ISim O.87xf (signature 0x2f00eba5)
Number of CPUs detected in this system: 4
Turning on mult-threading, number of parallel sub-compilation jobs: 8 
Determining compilation order of HDL files
Analyzing Verilog file "C:/ise/chaoshengbo/x7seg.v" into library work
Analyzing Verilog file "C:/ise/chaoshengbo/chao_count.v" into library work
Analyzing Verilog file "C:/ise/chaoshengbo/chaoImpulse.v" into library work
Analyzing Verilog file "C:/ise/chaoshengbo/chao_top.v" into library work
Analyzing Verilog file "C:/ise/chaoshengbo/test_chao.v" into library work
Analyzing Verilog file "C:/Xilinx/13.4/ISE_DS/ISE//verilog/src/glbl.v" into library work
Starting static elaboration
Completed static elaboration
Fuse Memory Usage: 159632 KB
Fuse CPU Usage: 187 ms
Compiling module chaoImpulse
Compiling module chao_count
Compiling module x7seg
Compiling module chao_top
Compiling module test_chao
Compiling module glbl
Time Resolution for simulation is 1ps.
Waiting for 1 sub-compilation(s) to finish...
Compiled 6 Verilog Units
Built simulation executable C:/ise/chaoshengbo/test_chao_isim_beh.exe
Fuse Memory Usage: 164944 KB
Fuse CPU Usage: 265 ms
