--------------------------------------------------------------------------------
Release 13.4 Trace  (nt)
Copyright (c) 1995-2011 Xilinx, Inc.  All rights reserved.

C:\Xilinx\13.4\ISE_DS\ISE\bin\nt\unwrapped\trce.exe -intstyle ise -v 3 -s 4 -n
3 -fastpaths -xml compare4a.twx compare4a.ncd -o compare4a.twr compare4a.pcf
-ucf compare4a.ucf

Design file:              compare4a.ncd
Physical constraint file: compare4a.pcf
Device,package,speed:     xc3s100e,cp132,-4 (PRODUCTION 1.27 2012-02-13)
Report level:             verbose report

Environment Variable      Effect 
--------------------      ------ 
NONE                      No environment variables were set
--------------------------------------------------------------------------------

INFO:Timing:2698 - No timing constraints found, doing default enumeration.
INFO:Timing:3412 - To improve timing, see the Timing Closure User Guide (UG612).
INFO:Timing:2752 - To get complete path coverage, use the unconstrained paths 
   option. All paths that are not constrained will be reported in the 
   unconstrained paths section(s) of the report.
INFO:Timing:3339 - The clock-to-out numbers in this timing report are based on 
   a 50 Ohm transmission line loading model.  For the details of this model, 
   and for more information on accounting for different loading conditions, 
   please see the device datasheet.
INFO:Timing:3390 - This architecture does not support a default System Jitter 
   value, please add SYSTEM_JITTER constraint to the UCF to modify the Clock 
   Uncertainty calculation.
INFO:Timing:3389 - This architecture does not support 'Discrete Jitter' and 
   'Phase Error' calculations, these terms will be zero in the Clock 
   Uncertainty calculation.  Please make appropriate modification to 
   SYSTEM_JITTER to account for the unsupported Discrete Jitter and Phase 
   Error.



Data Sheet report:
-----------------
All values displayed in nanoseconds (ns)

Pad to Pad
---------------+---------------+---------+
Source Pad     |Destination Pad|  Delay  |
---------------+---------------+---------+
a<0>           |y<0>           |    9.716|
a<0>           |y<1>           |   10.737|
a<0>           |y<2>           |   10.641|
a<1>           |y<0>           |    8.581|
a<1>           |y<1>           |    9.602|
a<1>           |y<2>           |    9.506|
a<2>           |y<0>           |    7.311|
a<2>           |y<1>           |    9.148|
a<2>           |y<2>           |    8.873|
a<3>           |y<0>           |    6.925|
a<3>           |y<1>           |    9.883|
a<3>           |y<2>           |    9.608|
b<0>           |y<0>           |    8.470|
b<0>           |y<1>           |    9.491|
b<0>           |y<2>           |    9.395|
b<1>           |y<0>           |    8.451|
b<1>           |y<1>           |    9.472|
b<1>           |y<2>           |    9.376|
b<2>           |y<0>           |    7.649|
b<2>           |y<1>           |    9.782|
b<2>           |y<2>           |    9.507|
b<3>           |y<0>           |    7.182|
b<3>           |y<1>           |   10.541|
b<3>           |y<2>           |   10.266|
---------------+---------------+---------+


Analysis completed Wed Apr 12 14:37:07 2017 
--------------------------------------------------------------------------------

Trace Settings:
-------------------------
Trace Settings 

Peak Memory Usage: 129 MB



